<?xml version="1.0" encoding="UTF-8"?>
<testng-results total="1" passed="1" failed="0" skipped="0">
  <reporter-output>
  </reporter-output>
  <suite started-at="2020-08-20T04:46:18Z" name="com.projectname.tests.Test_001" finished-at="2020-08-20T04:46:37Z" duration-ms="19658">
    <groups>
    </groups>
    <test started-at="2020-08-20T04:46:18Z" name="Command line test" finished-at="2020-08-20T04:46:37Z" duration-ms="19658">
      <class name="com.projectname.tests.Test_001">
        <test-method is-config="true" signature="beforeSuite()[pri:0, instance:com.projectname.tests.Test_001@5223e5ee]" started-at="2020-08-20T14:46:16Z" name="beforeSuite" finished-at="2020-08-20T14:46:18Z" duration-ms="2020" status="PASS">
          <reporter-output>
          </reporter-output>
        </test-method> <!-- beforeSuite -->
        <test-method is-config="true" signature="beforeEveryTestStarts()[pri:0, instance:com.projectname.tests.Test_001@5223e5ee]" started-at="2020-08-20T14:46:18Z" name="beforeEveryTestStarts" finished-at="2020-08-20T14:46:35Z" duration-ms="17038" status="PASS">
          <reporter-output>
          </reporter-output>
        </test-method> <!-- beforeEveryTestStarts -->
        <test-method signature="tcase1()[pri:0, instance:com.projectname.tests.Test_001@5223e5ee]" started-at="2020-08-20T14:46:35Z" name="tcase1" finished-at="2020-08-20T14:46:35Z" duration-ms="514" status="PASS">
          <reporter-output>
          </reporter-output>
        </test-method> <!-- tcase1 -->
        <test-method is-config="true" signature="afterEveryTestEnds(org.testng.ITestResult, java.lang.reflect.Method)[pri:0, instance:com.projectname.tests.Test_001@5223e5ee]" started-at="2020-08-20T14:46:35Z" name="afterEveryTestEnds" finished-at="2020-08-20T14:46:37Z" duration-ms="2068" status="PASS">
          <params>
            <param index="0">
              <value>
                <![CDATA[[TestResult name=tcase1 status=SUCCESS method=Test_001.tcase1()[pri:0, instance:com.projectname.tests.Test_001@5223e5ee] output={null}]]]>
              </value>
            </param>
            <param index="1">
              <value>
                <![CDATA[public void com.projectname.tests.Test_001.tcase1()]]>
              </value>
            </param>
          </params>
          <reporter-output>
          </reporter-output>
        </test-method> <!-- afterEveryTestEnds -->
      </class> <!-- com.projectname.tests.Test_001 -->
    </test> <!-- Command line test -->
  </suite> <!-- com.projectname.tests.Test_001 -->
</testng-results>
