<?xml version="1.0" encoding="UTF-8"?>
<testng-results total="1" passed="1" failed="0" skipped="0">
  <reporter-output>
  </reporter-output>
  <suite started-at="2020-08-20T03:45:19Z" name="Suite" finished-at="2020-08-20T03:45:44Z" duration-ms="24543">
    <groups>
    </groups>
    <test started-at="2020-08-20T03:45:19Z" name="Test" finished-at="2020-08-20T03:45:44Z" duration-ms="24543">
      <class name="com.projectname.tests.TC_001">
        <test-method is-config="true" signature="beforeSuite()[pri:0, instance:com.projectname.tests.TC_001@5f8edcc5]" started-at="2020-08-20T13:45:18Z" name="beforeSuite" finished-at="2020-08-20T13:45:19Z" duration-ms="1654" status="PASS">
          <reporter-output>
          </reporter-output>
        </test-method> <!-- beforeSuite -->
        <test-method is-config="true" signature="beforeEveryTestStarts()[pri:0, instance:com.projectname.tests.TC_001@5f8edcc5]" started-at="2020-08-20T13:45:19Z" name="beforeEveryTestStarts" finished-at="2020-08-20T13:45:39Z" duration-ms="19896" status="PASS">
          <reporter-output>
          </reporter-output>
        </test-method> <!-- beforeEveryTestStarts -->
        <test-method signature="tcase1()[pri:0, instance:com.projectname.tests.TC_001@5f8edcc5]" started-at="2020-08-20T13:45:39Z" name="tcase1" finished-at="2020-08-20T13:45:40Z" duration-ms="1073" status="PASS">
          <reporter-output>
          </reporter-output>
        </test-method> <!-- tcase1 -->
        <test-method is-config="true" signature="afterEveryTestEnds(org.testng.ITestResult, java.lang.reflect.Method)[pri:0, instance:com.projectname.tests.TC_001@5f8edcc5]" started-at="2020-08-20T13:45:40Z" name="afterEveryTestEnds" finished-at="2020-08-20T13:45:44Z" duration-ms="3549" status="PASS">
          <params>
            <param index="0">
              <value>
                <![CDATA[[TestResult name=tcase1 status=SUCCESS method=TC_001.tcase1()[pri:0, instance:com.projectname.tests.TC_001@5f8edcc5] output={null}]]]>
              </value>
            </param>
            <param index="1">
              <value>
                <![CDATA[public void com.projectname.tests.TC_001.tcase1()]]>
              </value>
            </param>
          </params>
          <reporter-output>
          </reporter-output>
        </test-method> <!-- afterEveryTestEnds -->
      </class> <!-- com.projectname.tests.TC_001 -->
    </test> <!-- Test -->
  </suite> <!-- Suite -->
</testng-results>
