<?xml version="1.0" encoding="UTF-8"?>
<testng-results total="1" passed="1" failed="0" skipped="0">
  <reporter-output>
  </reporter-output>
  <suite started-at="2020-08-30T23:27:44Z" name="Default suite" finished-at="2020-08-30T23:28:37Z" duration-ms="53250">
    <groups>
    </groups>
    <test started-at="2020-08-30T23:27:44Z" name="Default test" finished-at="2020-08-30T23:28:37Z" duration-ms="53250">
      <class name="com.projectname.tests.Test_001">
        <test-method is-config="true" signature="beforeSuite()[pri:0, instance:com.projectname.tests.Test_001@7b4c50bc]" started-at="2020-08-31T09:27:44Z" name="beforeSuite" finished-at="2020-08-31T09:27:44Z" duration-ms="577" status="PASS">
          <reporter-output>
          </reporter-output>
        </test-method> <!-- beforeSuite -->
        <test-method is-config="true" signature="beforeEveryTestStarts()[pri:0, instance:com.projectname.tests.Test_001@7b4c50bc]" started-at="2020-08-31T09:27:44Z" name="beforeEveryTestStarts" finished-at="2020-08-31T09:28:14Z" duration-ms="30318" status="PASS">
          <reporter-output>
          </reporter-output>
        </test-method> <!-- beforeEveryTestStarts -->
        <test-method signature="tcase1()[pri:0, instance:com.projectname.tests.Test_001@7b4c50bc]" started-at="2020-08-31T09:28:14Z" name="tcase1" finished-at="2020-08-31T09:28:37Z" duration-ms="22223" status="PASS">
          <reporter-output>
          </reporter-output>
        </test-method> <!-- tcase1 -->
        <test-method is-config="true" signature="afterEveryTestEnds(org.testng.ITestResult, java.lang.reflect.Method)[pri:0, instance:com.projectname.tests.Test_001@7b4c50bc]" started-at="2020-08-31T09:28:37Z" name="afterEveryTestEnds" finished-at="2020-08-31T09:28:37Z" duration-ms="700" status="PASS">
          <params>
            <param index="0">
              <value>
                <![CDATA[[TestResult name=tcase1 status=SUCCESS method=Test_001.tcase1()[pri:0, instance:com.projectname.tests.Test_001@7b4c50bc] output={null}]]]>
              </value>
            </param>
            <param index="1">
              <value>
                <![CDATA[public void com.projectname.tests.Test_001.tcase1()]]>
              </value>
            </param>
          </params>
          <reporter-output>
          </reporter-output>
        </test-method> <!-- afterEveryTestEnds -->
      </class> <!-- com.projectname.tests.Test_001 -->
    </test> <!-- Default test -->
  </suite> <!-- Default suite -->
</testng-results>
